22:43:22.274 karate.env system property was:  
22:43:24.249 request:
1 > POST http://localhost:8080/v1/buckets
1 > Accept-Encoding: gzip,deflate
1 > Connection: Keep-Alive
1 > Content-Length: 83
1 > Content-Type: application/json; charset=UTF-8
1 > Host: localhost:8080
1 > User-Agent: Apache-HttpClient/4.5.11 (Java/1.8.0_191)
{"id":"3a5cc309-0161-45c6-aaff-051e7da5fc03","position":540.0,"name":"Title - 112"}

22:43:24.303 response time in milliseconds: 52,74
1 < 201
1 < Connection: keep-alive
1 < Content-Length: 0
1 < Date: Thu, 20 Aug 2020 01:43:24 GMT
1 < Keep-Alive: timeout=60
1 < Location: 

22:43:24.323 karate.env system property was:  
22:43:24.330 request:
1 > POST http://localhost:8080/v1/buckets
1 > Accept-Encoding: gzip,deflate
1 > Connection: Keep-Alive
1 > Content-Length: 49
1 > Content-Type: application/json; charset=UTF-8
1 > Host: localhost:8080
1 > User-Agent: Apache-HttpClient/4.5.11 (Java/1.8.0_191)
{"id":null,"position":346.0,"name":"Title - 751"}

22:43:24.338 response time in milliseconds: 6,76
1 < 400
1 < Connection: close
1 < Content-Type: application/json
1 < Date: Thu, 20 Aug 2020 01:43:24 GMT
1 < Transfer-Encoding: chunked
{"timestamp":"2020-08-20T01:43:24.334+00:00","status":400,"error":"Bad Request","message":"","path":"/v1/buckets"}

22:43:24.346 karate.env system property was:  
22:43:24.350 request:
1 > POST http://localhost:8080/v1/buckets
1 > Accept-Encoding: gzip,deflate
1 > Connection: Keep-Alive
1 > Content-Length: 79
1 > Content-Type: application/json; charset=UTF-8
1 > Host: localhost:8080
1 > User-Agent: Apache-HttpClient/4.5.11 (Java/1.8.0_191)
{"id":"bc541674-2da1-4b81-826b-3e2f2a57e4a4","position":0,"name":"Title - 579"}

22:43:24.355 response time in milliseconds: 3,82
1 < 400
1 < Connection: close
1 < Content-Type: application/json
1 < Date: Thu, 20 Aug 2020 01:43:24 GMT
1 < Transfer-Encoding: chunked
{"timestamp":"2020-08-20T01:43:24.353+00:00","status":400,"error":"Bad Request","message":"","path":"/v1/buckets"}

22:43:24.367 karate.env system property was:  
22:43:24.371 request:
1 > POST http://localhost:8080/v1/buckets
1 > Accept-Encoding: gzip,deflate
1 > Connection: Keep-Alive
1 > Content-Length: 80
1 > Content-Type: application/json; charset=UTF-8
1 > Host: localhost:8080
1 > User-Agent: Apache-HttpClient/4.5.11 (Java/1.8.0_191)
{"id":"a77cf601-6479-4913-81a1-3efb836a99c9","position":-1,"name":"Title - 500"}

22:43:24.381 response time in milliseconds: 7,40
1 < 400
1 < Connection: close
1 < Content-Type: application/json
1 < Date: Thu, 20 Aug 2020 01:43:24 GMT
1 < Transfer-Encoding: chunked
{"timestamp":"2020-08-20T01:43:24.375+00:00","status":400,"error":"Bad Request","message":"","path":"/v1/buckets"}

22:43:24.387 karate.env system property was:  
22:43:24.391 request:
1 > POST http://localhost:8080/v1/buckets
1 > Accept-Encoding: gzip,deflate
1 > Connection: Keep-Alive
1 > Content-Length: 72
1 > Content-Type: application/json; charset=UTF-8
1 > Host: localhost:8080
1 > User-Agent: Apache-HttpClient/4.5.11 (Java/1.8.0_191)
{"id":"cb365912-183c-4d49-a16b-b4fa2a5cf7c6","position":209.0,"name":""}

22:43:24.403 response time in milliseconds: 12,05
1 < 400
1 < Connection: close
1 < Content-Type: application/json
1 < Date: Thu, 20 Aug 2020 01:43:24 GMT
1 < Transfer-Encoding: chunked
{"timestamp":"2020-08-20T01:43:24.401+00:00","status":400,"error":"Bad Request","message":"","path":"/v1/buckets"}

22:43:24.414 karate.env system property was:  
22:43:24.417 request:
1 > POST http://localhost:8080/v1/buckets
1 > Accept-Encoding: gzip,deflate
1 > Connection: Keep-Alive
1 > Content-Length: 78
1 > Content-Type: application/json; charset=UTF-8
1 > Host: localhost:8080
1 > User-Agent: Apache-HttpClient/4.5.11 (Java/1.8.0_191)
{"id":"27b2e260-78ae-4b5f-8045-421eb8e4795b","position":165.0,"name":"      "}

22:43:24.422 response time in milliseconds: 3,96
1 < 400
1 < Connection: close
1 < Content-Type: application/json
1 < Date: Thu, 20 Aug 2020 01:43:24 GMT
1 < Transfer-Encoding: chunked
{"timestamp":"2020-08-20T01:43:24.420+00:00","status":400,"error":"Bad Request","message":"","path":"/v1/buckets"}

ttpHostConnectException: Connect to localhost:8080 [localhost/127.0.0.1, localhost/0:0:0:0:0:0:0:1] failed: Connection refused: connect
22:37:58.830 karate.env system property was:  
22:37:58.837 request:
1 > POST http://localhost:8080/v1/buckets
1 > Accept-Encoding: gzip,deflate
1 > Connection: Keep-Alive
1 > Content-Length: 78
1 > Content-Type: application/json; charset=UTF-8
1 > Host: localhost:8080
1 > User-Agent: Apache-HttpClient/4.5.11 (Java/1.8.0_191)
{"id":"c9e1fae0-21d1-4846-9c70-cf9deb62c44e","position":133.0,"name":"      "}

22:38:02.931 org.apache.http.conn.HttpHostConnectException: Connect to localhost:8080 [localhost/127.0.0.1, localhost/0:0:0:0:0:0:0:1] failed: Connection refused: connect, http call failed after 4094 milliseconds for URL: http://localhost:8080/v1/buckets
22:38:02.931 http request failed: 
org.apache.http.conn.HttpHostConnectException: Connect to localhost:8080 [localhost/127.0.0.1, localhost/0:0:0:0:0:0:0:1] failed: Connection refused: connect
 url: http://localhost:8080/v1/buckets, response: {"path":"/v1/buckets","error":"Bad Request","message":"","timestamp":"2020-08-19T14:13:18.740+00:00","status":400}
